baab -> Cuvantul poate fi procesat de NFA.
dd -> Cuvantul nu poate fi procesat de NFA.
aaab -> Cuvantul poate fi procesat de NFA.
aaabbbb -> Cuvantul nu poate fi procesat de NFA.
ab -> Cuvantul poate fi procesat de NFA.
aa -> Cuvantul poate fi procesat de NFA.

Primele 100 de stari generate sunt: 
1 -> aa
2 -> ab
3 -> ba
4 -> bb
5 -> aaaa
6 -> aaab
7 -> aaba
8 -> aabb
9 -> abba
10 -> abbb
11 -> abaa
12 -> abab
13 -> baba
14 -> babb
15 -> baaa
16 -> baab
17 -> bbaa
18 -> bbab
19 -> bbba
20 -> bbbb
21 -> aaaaaa
22 -> aaaaab
23 -> aaaaba
24 -> aaaabb
25 -> aaabba
26 -> aaabbb
27 -> aaabaa
28 -> aaabab
29 -> aababa
30 -> aababb
31 -> aabaaa
32 -> aabaab
33 -> aabbaa
34 -> aabbab
35 -> aabbba
36 -> aabbbb
37 -> abbaaa
38 -> abbaab
39 -> abbaba
40 -> abbabb
41 -> abbbba
42 -> abbbbb
43 -> abbbaa
44 -> abbbab
45 -> abaaba
46 -> abaabb
47 -> abaaaa
48 -> abaaab
49 -> ababaa
50 -> ababab
51 -> ababba
52 -> ababbb
53 -> babaaa
54 -> babaab
55 -> bababa
56 -> bababb
57 -> babbba
58 -> babbbb
59 -> babbaa
60 -> babbab
61 -> baaaba
62 -> baaabb
63 -> baaaaa
64 -> baaaab
65 -> baabaa
66 -> baabab
67 -> baabba
68 -> baabbb
69 -> bbaaaa
70 -> bbaaab
71 -> bbaaba
72 -> bbaabb
73 -> bbabba
74 -> bbabbb
75 -> bbabaa
76 -> bbabab
77 -> bbbaba
78 -> bbbabb
79 -> bbbaaa
80 -> bbbaab
81 -> bbbbaa
82 -> bbbbab
83 -> bbbbba
84 -> bbbbbb
85 -> aaaaaaaa
86 -> aaaaaaab
87 -> aaaaaaba
88 -> aaaaaabb
89 -> aaaaabba
90 -> aaaaabbb
91 -> aaaaabaa
92 -> aaaaabab
93 -> aaaababa
94 -> aaaababb
95 -> aaaabaaa
96 -> aaaabaab
97 -> aaaabbaa
98 -> aaaabbab
99 -> aaaabbba
100 -> aaaabbbb
