aaab  Cuvantul poate fi procesat.
aaabbbb  Cuvantul nu poate fi procesat.
ab  Cuvantul poate fi procesat.
aa  Cuvantul poate fi procesat.

Primele 100 de stari generate sunt: 
1 -> ab
2 -> aa
3 -> aaab
4 -> aaaa
5 -> abbb
6 -> abaa
7 -> aabb
8 -> abab
9 -> aaaaab
10 -> aaaaaa
11 -> aaabbb
12 -> aaabaa
13 -> aaaabb
14 -> aaabab
15 -> abbaab
16 -> abbaaa
17 -> abbbbb
18 -> abbbaa
19 -> abaabb
20 -> abaaaa
21 -> ababab
22 -> ababaa
23 -> aabaab
24 -> aabaaa
25 -> aabbbb
26 -> aabbaa
27 -> abaaab
28 -> ababbb
29 -> aaaaaaab
30 -> aaaaaaaa
31 -> aaaaabbb
32 -> aaaaabaa
33 -> aaaaaabb
34 -> aaaaabab
35 -> aaabbaab
36 -> aaabbaaa
37 -> aaabbbbb
38 -> aaabbbaa
39 -> aaabaabb
40 -> aaabaaaa
41 -> aaababab
42 -> aaababaa
43 -> aaaabaab
44 -> aaaabaaa
45 -> aaaabbbb
46 -> aaaabbaa
47 -> aaabaaab
48 -> aaababbb
49 -> abbaaaab
50 -> abbaaaaa
51 -> abbaabbb
52 -> abbaabaa
53 -> abbaaabb
54 -> abbaabab
55 -> abbbbaab
56 -> abbbbaaa
57 -> abbbbbbb
58 -> abbbbbaa
59 -> abbbaabb
60 -> abbbaaaa
61 -> abbbabab
62 -> abbbabaa
63 -> abaabaab
64 -> abaabaaa
65 -> abaabbbb
66 -> abaabbaa
67 -> abaaaabb
68 -> abaaaaaa
69 -> abaaabab
70 -> abaaabaa
71 -> ababaaab
72 -> ababaaaa
73 -> abababbb
74 -> abababaa
75 -> ababaabb
76 -> abababab
77 -> aabaaaab
78 -> aabaaaaa
79 -> aabaabbb
80 -> aabaabaa
81 -> aabaaabb
82 -> aabaabab
83 -> aabbbaab
84 -> aabbbaaa
85 -> aabbbbbb
86 -> aabbbbaa
87 -> aabbaabb
88 -> aabbaaaa
89 -> aabbabab
90 -> aabbabaa
91 -> abaaaaab
92 -> abaaabbb
93 -> ababbaab
94 -> ababbaaa
95 -> ababbbbb
96 -> ababbbaa
97 -> aaaaaaaaab
98 -> aaaaaaaaaa
99 -> aaaaaaabbb
100 -> aaaaaaabaa
